2026-02-20 16:02:34,317 - data_preprocessing - DEBUG - Data loaded properly
2026-02-20 16:02:34,317 - data_preprocessing - DEBUG - Starting preprocessing for DataFrame
2026-02-20 16:02:34,318 - data_preprocessing - DEBUG - Target column encoded
2026-02-20 16:02:34,322 - data_preprocessing - DEBUG - Duplicates removed
2026-02-20 16:02:41,103 - data_preprocessing - DEBUG - Text column transformed
2026-02-20 16:02:41,103 - data_preprocessing - DEBUG - Starting preprocessing for DataFrame
2026-02-20 16:02:41,103 - data_preprocessing - DEBUG - Target column encoded
2026-02-20 16:02:41,105 - data_preprocessing - DEBUG - Duplicates removed
2026-02-20 16:02:42,950 - data_preprocessing - DEBUG - Text column transformed
2026-02-20 16:02:42,962 - data_preprocessing - DEBUG - Processed data saved to ./data/interim
2026-02-20 17:19:50,441 - data_preprocessing - DEBUG - Data loaded properly
2026-02-20 17:19:50,441 - data_preprocessing - DEBUG - Starting preprocessing for DataFrame
2026-02-20 17:19:50,443 - data_preprocessing - DEBUG - Target column encoded
2026-02-20 17:19:50,447 - data_preprocessing - DEBUG - Duplicates removed
2026-02-20 17:19:59,625 - data_preprocessing - DEBUG - Text column transformed
2026-02-20 17:19:59,625 - data_preprocessing - DEBUG - Starting preprocessing for DataFrame
2026-02-20 17:19:59,626 - data_preprocessing - DEBUG - Target column encoded
2026-02-20 17:19:59,628 - data_preprocessing - DEBUG - Duplicates removed
2026-02-20 17:20:02,041 - data_preprocessing - DEBUG - Text column transformed
2026-02-20 17:20:02,051 - data_preprocessing - DEBUG - Processed data saved to ./data/interim
